{"level":"error","message":"Erro no Login Admin: \nInvalid `prisma.user.findUnique()` invocation in\nC:\\Users\\Edu\\MyProject\\backend\\src\\controllers\\authController.ts:43:36\n\n  40 const clientIp = req.ip || req.socket.remoteAddress || 'unknown';\n  41 \n  42 try {\n→ 43   const user = await prisma.user.findUnique(\n","timestamp":"2026-03-04T18:45:52.962Z"}
{"level":"error","message":"Cannot read properties of undefined (reading '0') - POST /api/v1/bookings - IP: ::1","timestamp":"2026-03-04T18:52:04.452Z"}
{"level":"error","message":"Cannot read properties of undefined (reading '0') - POST /api/v1/bookings - IP: ::1","timestamp":"2026-03-04T18:52:19.491Z"}
{"level":"warn","message":"Login admin falhado — email inexistente: diretor@atudiobraz.com | IP: ::1","timestamp":"2026-03-04T23:30:47.443Z"}
{"level":"warn","message":"Login admin falhado — email inexistente: diretor@atudiobraz.com | IP: ::1","timestamp":"2026-03-04T23:30:51.466Z"}
{"level":"info","message":"Validando 2FA - UID: 8ca499cb-84f6-46d9-9f10-b2157f83583b | Result: {\"valid\":true,\"delta\":-1,\"epoch\":1772667210,\"timeStep\":59088907}","timestamp":"2026-03-04T23:34:00.287Z"}
{"level":"info","message":"Diretor autenticado: diretor@studiobraz.com | IP: ::1","timestamp":"2026-03-04T23:34:00.291Z"}
{"level":"info","message":"Validando 2FA - UID: 8ca499cb-84f6-46d9-9f10-b2157f83583b | Result: {\"valid\":true,\"delta\":0,\"epoch\":1772667480,\"timeStep\":59088916}","timestamp":"2026-03-04T23:38:06.272Z"}
{"level":"info","message":"Diretor autenticado: diretor@studiobraz.com | IP: ::1","timestamp":"2026-03-04T23:38:06.283Z"}
{"level":"error","message":"Cannot read properties of undefined (reading '0') - POST /api/v1/bookings - IP: ::1","timestamp":"2026-03-04T23:40:01.253Z"}
{"level":"error","message":"Cannot read properties of undefined (reading '0') - POST /api/v1/bookings - IP: ::1","timestamp":"2026-03-04T23:41:04.594Z"}
{"level":"error","message":"Cannot read properties of undefined (reading '0') - POST /api/v1/bookings - IP: ::1","timestamp":"2026-03-04T23:41:23.012Z"}
{"level":"warn","message":"⚠️ Falha no envio de email (1/3): Error: Invalid login: 535-5.7.8 Username and Password not accepted. For more information, go to\n535 5.7.8  https://support.google.com/mail/?p=BadCredentials 5b1f17b1804b1-4851fb27a20sm1050605e9.9 - gsmtp","timestamp":"2026-03-04T23:43:40.923Z"}
{"level":"warn","message":"⚠️ Falha no envio de email (1/3): Error: Invalid login: 535-5.7.8 Username and Password not accepted. For more information, go to\n535 5.7.8  https://support.google.com/mail/?p=BadCredentials 5b1f17b1804b1-4851ad25a17sm24243005e9.29 - gsmtp","timestamp":"2026-03-04T23:43:40.934Z"}
{"level":"warn","message":"⚠️ Falha no envio de email (2/3): Error: Invalid login: 535-5.7.8 Username and Password not accepted. For more information, go to\n535 5.7.8  https://support.google.com/mail/?p=BadCredentials 5b1f17b1804b1-4851fae4a68sm709675e9.9 - gsmtp","timestamp":"2026-03-04T23:43:43.203Z"}
{"level":"warn","message":"⚠️ Falha no envio de email (2/3): Error: Invalid login: 535-5.7.8 Username and Password not accepted. For more information, go to\n535 5.7.8  https://support.google.com/mail/?p=BadCredentials ffacd0b85a97d-439b1116698sm33327499f8f.16 - gsmtp","timestamp":"2026-03-04T23:43:43.277Z"}
{"level":"warn","message":"⚠️ Falha no envio de email (3/3): Error: Invalid login: 535-5.7.8 Username and Password not accepted. For more information, go to\n535 5.7.8  https://support.google.com/mail/?p=BadCredentials ffacd0b85a97d-4399c75b272sm44963386f8f.24 - gsmtp","timestamp":"2026-03-04T23:43:47.477Z"}
{"level":"error","message":"❌ ERRO DEFINITIVO no envio para geral@studidsjns.com: Error: Invalid login: 535-5.7.8 Username and Password not accepted. For more information, go to\n535 5.7.8  https://support.google.com/mail/?p=BadCredentials ffacd0b85a97d-4399c75b272sm44963386f8f.24 - gsmtp","timestamp":"2026-03-04T23:43:47.477Z"}
{"level":"warn","message":"⚠️ Falha no envio de email (3/3): Error: Invalid login: 535-5.7.8 Username and Password not accepted. For more information, go to\n535 5.7.8  https://support.google.com/mail/?p=BadCredentials ffacd0b85a97d-439abdf5430sm35529919f8f.5 - gsmtp","timestamp":"2026-03-04T23:43:47.540Z"}
{"level":"error","message":"❌ ERRO DEFINITIVO no envio para teu-email-aqui@gmail.com: Error: Invalid login: 535-5.7.8 Username and Password not accepted. For more information, go to\n535 5.7.8  https://support.google.com/mail/?p=BadCredentials ffacd0b85a97d-439abdf5430sm35529919f8f.5 - gsmtp","timestamp":"2026-03-04T23:43:47.540Z"}
{"level":"warn","message":"⚠️ Falha no envio de email (1/3): Error: Invalid login: 535-5.7.8 Username and Password not accepted. For more information, go to\n535 5.7.8  https://support.google.com/mail/?p=BadCredentials ffacd0b85a97d-439b34b6252sm29945278f8f.10 - gsmtp","timestamp":"2026-03-04T23:45:40.646Z"}
{"level":"warn","message":"⚠️ Falha no envio de email (1/3): Error: Invalid login: 535-5.7.8 Username and Password not accepted. For more information, go to\n535 5.7.8  https://support.google.com/mail/?p=BadCredentials ffacd0b85a97d-439ac9f3e5bsm36624517f8f.37 - gsmtp","timestamp":"2026-03-04T23:45:40.647Z"}
{"level":"warn","message":"⚠️ Falha no envio de email (2/3): Error: Invalid login: 535-5.7.8 Username and Password not accepted. For more information, go to\n535 5.7.8  https://support.google.com/mail/?p=BadCredentials 5b1f17b1804b1-4851fae538bsm1138545e9.7 - gsmtp","timestamp":"2026-03-04T23:45:42.916Z"}
{"level":"warn","message":"⚠️ Falha no envio de email (2/3): Error: Invalid login: 535-5.7.8 Username and Password not accepted. For more information, go to\n535 5.7.8  https://support.google.com/mail/?p=BadCredentials ffacd0b85a97d-439b4d06c27sm26227301f8f.17 - gsmtp","timestamp":"2026-03-04T23:45:42.918Z"}
{"level":"warn","message":"⚠️ Falha no envio de email (3/3): Error: Invalid login: 535-5.7.8 Username and Password not accepted. For more information, go to\n535 5.7.8  https://support.google.com/mail/?p=BadCredentials ffacd0b85a97d-439bb686a32sm20856712f8f.13 - gsmtp","timestamp":"2026-03-04T23:45:47.199Z"}
{"level":"error","message":"❌ ERRO DEFINITIVO no envio para teu-email-aqui@gmail.com: Error: Invalid login: 535-5.7.8 Username and Password not accepted. For more information, go to\n535 5.7.8  https://support.google.com/mail/?p=BadCredentials ffacd0b85a97d-439bb686a32sm20856712f8f.13 - gsmtp","timestamp":"2026-03-04T23:45:47.200Z"}
{"level":"warn","message":"⚠️ Falha no envio de email (3/3): Error: Invalid login: 535-5.7.8 Username and Password not accepted. For more information, go to\n535 5.7.8  https://support.google.com/mail/?p=BadCredentials ffacd0b85a97d-439c1fc577bsm15129722f8f.19 - gsmtp","timestamp":"2026-03-04T23:45:47.210Z"}
{"level":"error","message":"❌ ERRO DEFINITIVO no envio para eduardotferreira@gmail.com: Error: Invalid login: 535-5.7.8 Username and Password not accepted. For more information, go to\n535 5.7.8  https://support.google.com/mail/?p=BadCredentials ffacd0b85a97d-439c1fc577bsm15129722f8f.19 - gsmtp","timestamp":"2026-03-04T23:45:47.211Z"}
{"level":"warn","message":"⚠️ Falha no envio de email (1/3): Error: Invalid login: 535-5.7.8 Username and Password not accepted. For more information, go to\n535 5.7.8  https://support.google.com/mail/?p=BadCredentials ffacd0b85a97d-439bb69e098sm20671404f8f.9 - gsmtp","timestamp":"2026-03-04T23:51:20.335Z"}
{"level":"warn","message":"⚠️ Falha no envio de email (1/3): Error: Invalid login: 535-5.7.8 Username and Password not accepted. For more information, go to\n535 5.7.8  https://support.google.com/mail/?p=BadCredentials 5b1f17b1804b1-4851ad28363sm19133455e9.30 - gsmtp","timestamp":"2026-03-04T23:51:20.337Z"}
{"level":"warn","message":"⚠️ Falha no envio de email (2/3): Error: Invalid login: 535-5.7.8 Username and Password not accepted. For more information, go to\n535 5.7.8  https://support.google.com/mail/?p=BadCredentials 5b1f17b1804b1-4851fb4257csm1285805e9.15 - gsmtp","timestamp":"2026-03-04T23:51:22.997Z"}
{"level":"warn","message":"⚠️ Falha no envio de email (2/3): Error: Invalid login: 535-5.7.8 Username and Password not accepted. For more information, go to\n535 5.7.8  https://support.google.com/mail/?p=BadCredentials 5b1f17b1804b1-4851a8e2413sm26892395e9.10 - gsmtp","timestamp":"2026-03-04T23:51:23.100Z"}
{"level":"warn","message":"⚠️ Falha no envio de email (3/3): Error: Invalid login: 535-5.7.8 Username and Password not accepted. For more information, go to\n535 5.7.8  https://support.google.com/mail/?p=BadCredentials ffacd0b85a97d-439ba2a5970sm23241387f8f.33 - gsmtp","timestamp":"2026-03-04T23:51:27.605Z"}
{"level":"error","message":"❌ ERRO DEFINITIVO no envio para teu-email-aqui@gmail.com: Error: Invalid login: 535-5.7.8 Username and Password not accepted. For more information, go to\n535 5.7.8  https://support.google.com/mail/?p=BadCredentials ffacd0b85a97d-439ba2a5970sm23241387f8f.33 - gsmtp","timestamp":"2026-03-04T23:51:27.605Z"}
{"level":"warn","message":"⚠️ Falha no envio de email (3/3): Error: Invalid login: 535-5.7.8 Username and Password not accepted. For more information, go to\n535 5.7.8  https://support.google.com/mail/?p=BadCredentials ffacd0b85a97d-439ae0e7abasm33362632f8f.23 - gsmtp","timestamp":"2026-03-04T23:51:27.644Z"}
{"level":"error","message":"❌ ERRO DEFINITIVO no envio para paulaola@gmail.com: Error: Invalid login: 535-5.7.8 Username and Password not accepted. For more information, go to\n535 5.7.8  https://support.google.com/mail/?p=BadCredentials ffacd0b85a97d-439ae0e7abasm33362632f8f.23 - gsmtp","timestamp":"2026-03-04T23:51:27.644Z"}
{"level":"info","message":"Validando 2FA - UID: 8ca499cb-84f6-46d9-9f10-b2157f83583b | Result: {\"valid\":false}","timestamp":"2026-03-04T23:51:42.345Z"}
{"level":"warn","message":"Login admin 2FA falhado — código inválido: diretor@studiobraz.com | IP: ::1","timestamp":"2026-03-04T23:51:42.345Z"}
{"level":"info","message":"Validando 2FA - UID: 8ca499cb-84f6-46d9-9f10-b2157f83583b | Result: {\"valid\":true,\"delta\":0,\"epoch\":1772668290,\"timeStep\":59088943}","timestamp":"2026-03-04T23:51:53.520Z"}
{"level":"info","message":"Diretor autenticado: diretor@studiobraz.com | IP: ::1","timestamp":"2026-03-04T23:51:53.523Z"}
{"level":"warn","message":"⚠️ Falha no envio de email (1/3): Error: Invalid login: 535-5.7.8 Username and Password not accepted. For more information, go to\n535 5.7.8  https://support.google.com/mail/?p=BadCredentials 5b1f17b1804b1-4851fb27a13sm1018715e9.11 - gsmtp","timestamp":"2026-03-04T23:57:41.475Z"}
{"level":"warn","message":"⚠️ Falha no envio de email (1/3): Error: Invalid login: 535-5.7.8 Username and Password not accepted. For more information, go to\n535 5.7.8  https://support.google.com/mail/?p=BadCredentials ffacd0b85a97d-439abded86esm36229122f8f.6 - gsmtp","timestamp":"2026-03-04T23:57:41.476Z"}
{"level":"warn","message":"⚠️ Falha no envio de email (2/3): Error: Invalid login: 535-5.7.8 Username and Password not accepted. For more information, go to\n535 5.7.8  https://support.google.com/mail/?p=BadCredentials 5b1f17b1804b1-4851fae538bsm1715015e9.7 - gsmtp","timestamp":"2026-03-04T23:57:43.750Z"}
{"level":"warn","message":"⚠️ Falha no envio de email (2/3): Error: Invalid login: 535-5.7.8 Username and Password not accepted. For more information, go to\n535 5.7.8  https://support.google.com/mail/?p=BadCredentials 5b1f17b1804b1-4851ad02eeesm18641115e9.19 - gsmtp","timestamp":"2026-03-04T23:57:43.822Z"}
{"level":"warn","message":"⚠️ Falha no envio de email (3/3): Error: Invalid login: 535-5.7.8 Username and Password not accepted. For more information, go to\n535 5.7.8  https://support.google.com/mail/?p=BadCredentials 5b1f17b1804b1-4851fb33815sm2201535e9.12 - gsmtp","timestamp":"2026-03-04T23:57:48.059Z"}
{"level":"error","message":"❌ ERRO DEFINITIVO no envio para maria@teste.pt: Error: Invalid login: 535-5.7.8 Username and Password not accepted. For more information, go to\n535 5.7.8  https://support.google.com/mail/?p=BadCredentials 5b1f17b1804b1-4851fb33815sm2201535e9.12 - gsmtp","timestamp":"2026-03-04T23:57:48.059Z"}
{"level":"warn","message":"⚠️ Falha no envio de email (3/3): Error: Invalid login: 535-5.7.8 Username and Password not accepted. For more information, go to\n535 5.7.8  https://support.google.com/mail/?p=BadCredentials 5b1f17b1804b1-4851a8a44d2sm21216775e9.4 - gsmtp","timestamp":"2026-03-04T23:57:48.121Z"}
{"level":"error","message":"❌ ERRO DEFINITIVO no envio para teu-email-aqui@gmail.com: Error: Invalid login: 535-5.7.8 Username and Password not accepted. For more information, go to\n535 5.7.8  https://support.google.com/mail/?p=BadCredentials 5b1f17b1804b1-4851a8a44d2sm21216775e9.4 - gsmtp","timestamp":"2026-03-04T23:57:48.121Z"}
{"level":"info","message":"Diretor autenticado: diretor@studiobraz.com | IP: ::1","timestamp":"2026-03-04T23:59:31.049Z"}
