{"level":"info","message":"Diretor autenticado: diretor@studiobraz.com | IP: ::1","timestamp":"2026-03-05T00:00:30.299Z"}
{"level":"warn","message":"⚠️ Falha no envio de email (1/3): Error: Invalid login: 535-5.7.8 Username and Password not accepted. For more information, go to\n535 5.7.8  https://support.google.com/mail/?p=BadCredentials ffacd0b85a97d-439c4489279sm15305621f8f.20 - gsmtp","timestamp":"2026-03-05T00:00:49.156Z"}
{"level":"warn","message":"⚠️ Falha no envio de email (1/3): Error: Invalid login: 535-5.7.8 Username and Password not accepted. For more information, go to\n535 5.7.8  https://support.google.com/mail/?p=BadCredentials 5b1f17b1804b1-4851fad02cfsm2236905e9.1 - gsmtp","timestamp":"2026-03-05T00:00:49.163Z"}
{"level":"warn","message":"⚠️ Falha no envio de email (2/3): Error: Invalid login: 535-5.7.8 Username and Password not accepted. For more information, go to\n535 5.7.8  https://support.google.com/mail/?p=BadCredentials ffacd0b85a97d-439b503425asm29066149f8f.25 - gsmtp","timestamp":"2026-03-05T00:00:51.416Z"}
{"level":"warn","message":"⚠️ Falha no envio de email (2/3): Error: Invalid login: 535-5.7.8 Username and Password not accepted. For more information, go to\n535 5.7.8  https://support.google.com/mail/?p=BadCredentials ffacd0b85a97d-439b130abfasm28846828f8f.34 - gsmtp","timestamp":"2026-03-05T00:00:51.430Z"}
{"level":"warn","message":"⚠️ Falha no envio de email (3/3): Error: Invalid login: 535-5.7.8 Username and Password not accepted. For more information, go to\n535 5.7.8  https://support.google.com/mail/?p=BadCredentials ffacd0b85a97d-439c1fc577bsm15189639f8f.19 - gsmtp","timestamp":"2026-03-05T00:00:55.834Z"}
{"level":"error","message":"❌ ERRO DEFINITIVO no envio para teu-email-aqui@gmail.com: Error: Invalid login: 535-5.7.8 Username and Password not accepted. For more information, go to\n535 5.7.8  https://support.google.com/mail/?p=BadCredentials ffacd0b85a97d-439c1fc577bsm15189639f8f.19 - gsmtp","timestamp":"2026-03-05T00:00:55.834Z"}
{"level":"warn","message":"⚠️ Falha no envio de email (3/3): Error: Invalid login: 535-5.7.8 Username and Password not accepted. For more information, go to\n535 5.7.8  https://support.google.com/mail/?p=BadCredentials 5b1f17b1804b1-4851fafe4c9sm1592925e9.15 - gsmtp","timestamp":"2026-03-05T00:00:55.835Z"}
{"level":"error","message":"❌ ERRO DEFINITIVO no envio para ana@teste.pt: Error: Invalid login: 535-5.7.8 Username and Password not accepted. For more information, go to\n535 5.7.8  https://support.google.com/mail/?p=BadCredentials 5b1f17b1804b1-4851fafe4c9sm1592925e9.15 - gsmtp","timestamp":"2026-03-05T00:00:55.835Z"}
{"level":"info","message":"Diretor autenticado: diretor@studiobraz.com | IP: ::1","timestamp":"2026-03-05T00:03:49.697Z"}
{"level":"warn","message":"⚠️ Falha no envio de email (1/3): Error: Invalid login: 535-5.7.8 Username and Password not accepted. For more information, go to\n535 5.7.8  https://support.google.com/mail/?p=BadCredentials ffacd0b85a97d-439b4d06c27sm26459471f8f.17 - gsmtp","timestamp":"2026-03-05T00:10:30.114Z"}
{"level":"warn","message":"⚠️ Falha no envio de email (1/3): Error: Invalid login: 535-5.7.8 Username and Password not accepted. For more information, go to\n535 5.7.8  https://support.google.com/mail/?p=BadCredentials ffacd0b85a97d-4399c75b272sm45073306f8f.24 - gsmtp","timestamp":"2026-03-05T00:10:30.117Z"}
{"level":"warn","message":"⚠️ Falha no envio de email (2/3): Error: Invalid login: 535-5.7.8 Username and Password not accepted. For more information, go to\n535 5.7.8  https://support.google.com/mail/?p=BadCredentials ffacd0b85a97d-4399c75b272sm45073444f8f.24 - gsmtp","timestamp":"2026-03-05T00:10:32.766Z"}
{"level":"warn","message":"⚠️ Falha no envio de email (2/3): Error: Invalid login: 535-5.7.8 Username and Password not accepted. For more information, go to\n535 5.7.8  https://support.google.com/mail/?p=BadCredentials 5b1f17b1804b1-4851faeaea1sm1784335e9.10 - gsmtp","timestamp":"2026-03-05T00:10:32.767Z"}
{"level":"warn","message":"⚠️ Falha no envio de email (3/3): Error: Invalid login: 535-5.7.8 Username and Password not accepted. For more information, go to\n535 5.7.8  https://support.google.com/mail/?p=BadCredentials 5b1f17b1804b1-4851fad27e6sm2871225e9.3 - gsmtp","timestamp":"2026-03-05T00:10:37.031Z"}
{"level":"error","message":"❌ ERRO DEFINITIVO no envio para teu-email-aqui@gmail.com: Error: Invalid login: 535-5.7.8 Username and Password not accepted. For more information, go to\n535 5.7.8  https://support.google.com/mail/?p=BadCredentials 5b1f17b1804b1-4851fad27e6sm2871225e9.3 - gsmtp","timestamp":"2026-03-05T00:10:37.031Z"}
{"level":"warn","message":"⚠️ Falha no envio de email (3/3): Error: Invalid login: 535-5.7.8 Username and Password not accepted. For more information, go to\n535 5.7.8  https://support.google.com/mail/?p=BadCredentials ffacd0b85a97d-439b4e771basm32958330f8f.0 - gsmtp","timestamp":"2026-03-05T00:10:37.032Z"}
{"level":"error","message":"❌ ERRO DEFINITIVO no envio para edutavfer32@gmail.com: Error: Invalid login: 535-5.7.8 Username and Password not accepted. For more information, go to\n535 5.7.8  https://support.google.com/mail/?p=BadCredentials ffacd0b85a97d-439b4e771basm32958330f8f.0 - gsmtp","timestamp":"2026-03-05T00:10:37.032Z"}
{"level":"warn","message":"⚠️ Falha no envio de email (1/3): Error: Invalid login: 535-5.7.8 Username and Password not accepted. For more information, go to\n535 5.7.8  https://support.google.com/mail/?p=BadCredentials 5b1f17b1804b1-4851fade9fdsm3404185e9.4 - gsmtp","timestamp":"2026-03-05T00:15:00.621Z"}
{"level":"warn","message":"⚠️ Falha no envio de email (1/3): Error: Invalid login: 535-5.7.8 Username and Password not accepted. For more information, go to\n535 5.7.8  https://support.google.com/mail/?p=BadCredentials ffacd0b85a97d-439c6129017sm10660358f8f.31 - gsmtp","timestamp":"2026-03-05T00:15:00.630Z"}
{"level":"warn","message":"⚠️ Falha no envio de email (2/3): Error: Invalid login: 535-5.7.8 Username and Password not accepted. For more information, go to\n535 5.7.8  https://support.google.com/mail/?p=BadCredentials 5b1f17b1804b1-4851fadeb5bsm4069035e9.5 - gsmtp","timestamp":"2026-03-05T00:15:02.904Z"}
{"level":"warn","message":"⚠️ Falha no envio de email (2/3): Error: Invalid login: 535-5.7.8 Username and Password not accepted. For more information, go to\n535 5.7.8  https://support.google.com/mail/?p=BadCredentials 5b1f17b1804b1-4851a8d20f7sm21716955e9.8 - gsmtp","timestamp":"2026-03-05T00:15:02.924Z"}
{"level":"warn","message":"⚠️ Falha no envio de email (3/3): Error: Invalid login: 535-5.7.8 Username and Password not accepted. For more information, go to\n535 5.7.8  https://support.google.com/mail/?p=BadCredentials ffacd0b85a97d-439b4175fd2sm31037071f8f.14 - gsmtp","timestamp":"2026-03-05T00:15:07.184Z"}
{"level":"error","message":"❌ ERRO DEFINITIVO no envio para teu-email-aqui@gmail.com: Error: Invalid login: 535-5.7.8 Username and Password not accepted. For more information, go to\n535 5.7.8  https://support.google.com/mail/?p=BadCredentials ffacd0b85a97d-439b4175fd2sm31037071f8f.14 - gsmtp","timestamp":"2026-03-05T00:15:07.184Z"}
{"level":"warn","message":"⚠️ Falha no envio de email (3/3): Error: Invalid login: 535-5.7.8 Username and Password not accepted. For more information, go to\n535 5.7.8  https://support.google.com/mail/?p=BadCredentials ffacd0b85a97d-439abded86esm36325392f8f.6 - gsmtp","timestamp":"2026-03-05T00:15:07.210Z"}
{"level":"error","message":"❌ ERRO DEFINITIVO no envio para cliente@teste.pt: Error: Invalid login: 535-5.7.8 Username and Password not accepted. For more information, go to\n535 5.7.8  https://support.google.com/mail/?p=BadCredentials ffacd0b85a97d-439abded86esm36325392f8f.6 - gsmtp","timestamp":"2026-03-05T00:15:07.210Z"}
{"level":"error","message":"❌ CREDENCIAIS DE EMAIL (SMTP) NÃO CONFIGURADAS. Emails não serão enviados aos clientes.","timestamp":"2026-03-05T00:28:11.834Z"}
{"level":"info","message":"✅ Email enviado para: eduardotferreira@gmail.com | Tentativa: 1","timestamp":"2026-03-05T00:28:37.389Z"}
{"level":"info","message":"Diretor autenticado: diretor@studiobraz.com | IP: ::1","timestamp":"2026-03-05T00:28:54.560Z"}
{"level":"info","message":"Diretor autenticado: diretor@studiobraz.com | IP: ::1","timestamp":"2026-03-05T00:36:09.536Z"}
{"level":"info","message":"Diretor autenticado: diretor@studiobraz.com | IP: ::1","timestamp":"2026-03-05T00:36:49.396Z"}
{"level":"info","message":"Sessão terminada com sucesso.","timestamp":"2026-03-05T00:37:35.619Z"}
{"level":"error","message":"❌ CREDENCIAIS DE EMAIL (SMTP) NÃO CONFIGURADAS. Emails não serão enviados aos clientes.","timestamp":"2026-03-05T00:41:04.475Z"}
{"level":"info","message":"Diretor autenticado: diretor@studiobraz.com | IP: ::1","timestamp":"2026-03-05T00:41:24.513Z"}
{"level":"info","message":"✅ Email enviado para: eduardotferreira@gmail.com | Tentativa: 1","timestamp":"2026-03-05T00:42:19.291Z"}
{"level":"info","message":"✅ Email enviado para: eduardotferreira@gmail.com | Tentativa: 1","timestamp":"2026-03-05T00:43:34.063Z"}
{"level":"info","message":"Diretor autenticado: diretor@studiobraz.com | IP: ::1","timestamp":"2026-03-05T00:45:33.294Z"}
{"level":"error","message":"❌ CREDENCIAIS DE EMAIL (SMTP) NÃO CONFIGURADAS. Emails não serão enviados aos clientes.","timestamp":"2026-03-05T00:52:55.985Z"}
{"level":"error","message":"❌ CREDENCIAIS DE EMAIL (SMTP) NÃO CONFIGURADAS. Emails não serão enviados aos clientes.","timestamp":"2026-03-05T00:54:25.800Z"}
{"level":"error","message":"❌ CREDENCIAIS DE EMAIL (SMTP) NÃO CONFIGURADAS. Emails não serão enviados aos clientes.","timestamp":"2026-03-05T01:06:08.629Z"}
{"level":"info","message":"Diretor autenticado: diretor@studiobraz.com | IP: ::1","timestamp":"2026-03-05T01:14:30.566Z"}
{"level":"info","message":"Diretor autenticado: diretor@studiobraz.com | IP: ::1","timestamp":"2026-03-05T01:15:43.244Z"}
{"level":"error","message":"❌ CREDENCIAIS DE EMAIL (SMTP) NÃO CONFIGURADAS. Emails não serão enviados aos clientes.","timestamp":"2026-03-05T17:51:03.804Z"}
{"level":"warn","message":"⚠️ Falha no envio de email (1/3): Error: Invalid login: 535-5.7.8 Username and Password not accepted. For more information, go to\n535 5.7.8  https://support.google.com/mail/?p=BadCredentials a640c23a62f3a-b940c72f6fdsm132449266b.49 - gsmtp","timestamp":"2026-03-05T18:31:32.030Z"}
{"level":"warn","message":"⚠️ Falha no envio de email (1/3): Error: Invalid login: 535-5.7.8 Username and Password not accepted. For more information, go to\n535 5.7.8  https://support.google.com/mail/?p=BadCredentials 4fb4d7f45d1cf-6613eccae91sm1340010a12.13 - gsmtp","timestamp":"2026-03-05T18:31:32.034Z"}
{"level":"warn","message":"⚠️ Falha no envio de email (2/3): Error: Invalid login: 535-5.7.8 Username and Password not accepted. For more information, go to\n535 5.7.8  https://support.google.com/mail/?p=BadCredentials a640c23a62f3a-b9419583e79sm70063466b.44 - gsmtp","timestamp":"2026-03-05T18:31:34.501Z"}
{"level":"warn","message":"⚠️ Falha no envio de email (2/3): Error: Invalid login: 535-5.7.8 Username and Password not accepted. For more information, go to\n535 5.7.8  https://support.google.com/mail/?p=BadCredentials a640c23a62f3a-b935ac546ddsm939211666b.20 - gsmtp","timestamp":"2026-03-05T18:31:34.514Z"}
{"level":"warn","message":"⚠️ Falha no envio de email (3/3): Error: Invalid login: 535-5.7.8 Username and Password not accepted. For more information, go to\n535 5.7.8  https://support.google.com/mail/?p=BadCredentials a640c23a62f3a-b935afe7d28sm915550166b.67 - gsmtp","timestamp":"2026-03-05T18:31:39.186Z"}
{"level":"error","message":"❌ ERRO DEFINITIVO no envio para paulaedutav223232323232@gmail.com: Error: Invalid login: 535-5.7.8 Username and Password not accepted. For more information, go to\n535 5.7.8  https://support.google.com/mail/?p=BadCredentials a640c23a62f3a-b935afe7d28sm915550166b.67 - gsmtp","timestamp":"2026-03-05T18:31:39.187Z"}
{"level":"warn","message":"⚠️ Falha no envio de email (3/3): Error: Invalid login: 535-5.7.8 Username and Password not accepted. For more information, go to\n535 5.7.8  https://support.google.com/mail/?p=BadCredentials a640c23a62f3a-b935ae6560asm961047266b.43 - gsmtp","timestamp":"2026-03-05T18:31:39.187Z"}
{"level":"error","message":"❌ ERRO DEFINITIVO no envio para o-teu-email@gmail.com: Error: Invalid login: 535-5.7.8 Username and Password not accepted. For more information, go to\n535 5.7.8  https://support.google.com/mail/?p=BadCredentials a640c23a62f3a-b935ae6560asm961047266b.43 - gsmtp","timestamp":"2026-03-05T18:31:39.187Z"}
{"level":"info","message":"Diretor autenticado: diretor@studiobraz.com | IP: ::1","timestamp":"2026-03-05T18:31:50.755Z"}
{"level":"warn","message":"⚠️ Falha no envio de email (1/3): Error: Invalid login: 535-5.7.8 Username and Password not accepted. For more information, go to\n535 5.7.8  https://support.google.com/mail/?p=BadCredentials a640c23a62f3a-b9385836a84sm813177566b.59 - gsmtp","timestamp":"2026-03-05T18:32:03.677Z"}
{"level":"warn","message":"⚠️ Falha no envio de email (2/3): Error: Invalid login: 535-5.7.8 Username and Password not accepted. For more information, go to\n535 5.7.8  https://support.google.com/mail/?p=BadCredentials a640c23a62f3a-b935ab13d57sm945513466b.12 - gsmtp","timestamp":"2026-03-05T18:32:06.341Z"}
{"level":"warn","message":"⚠️ Falha no envio de email (3/3): Error: Invalid login: 535-5.7.8 Username and Password not accepted. For more information, go to\n535 5.7.8  https://support.google.com/mail/?p=BadCredentials a640c23a62f3a-b940d35aa45sm129657966b.16 - gsmtp","timestamp":"2026-03-05T18:32:11.042Z"}
{"level":"error","message":"❌ ERRO DEFINITIVO no envio para paulaedutav223232323232@gmail.com: Error: Invalid login: 535-5.7.8 Username and Password not accepted. For more information, go to\n535 5.7.8  https://support.google.com/mail/?p=BadCredentials a640c23a62f3a-b940d35aa45sm129657966b.16 - gsmtp","timestamp":"2026-03-05T18:32:11.042Z"}
{"level":"warn","message":"⚠️ Falha no envio de email (1/3): Error: Invalid login: 535-5.7.8 Username and Password not accepted. For more information, go to\n535 5.7.8  https://support.google.com/mail/?p=BadCredentials a640c23a62f3a-b9415192b18sm96834666b.64 - gsmtp","timestamp":"2026-03-05T18:33:46.910Z"}
{"level":"warn","message":"⚠️ Falha no envio de email (1/3): Error: Invalid login: 535-5.7.8 Username and Password not accepted. For more information, go to\n535 5.7.8  https://support.google.com/mail/?p=BadCredentials a640c23a62f3a-b9419583e79sm70259766b.44 - gsmtp","timestamp":"2026-03-05T18:33:46.912Z"}
{"level":"warn","message":"⚠️ Falha no envio de email (2/3): Error: Invalid login: 535-5.7.8 Username and Password not accepted. For more information, go to\n535 5.7.8  https://support.google.com/mail/?p=BadCredentials a640c23a62f3a-b9426d5f7b0sm287966b.65 - gsmtp","timestamp":"2026-03-05T18:33:49.344Z"}
{"level":"warn","message":"⚠️ Falha no envio de email (2/3): Error: Invalid login: 535-5.7.8 Username and Password not accepted. For more information, go to\n535 5.7.8  https://support.google.com/mail/?p=BadCredentials 4fb4d7f45d1cf-6613eccae91sm1341964a12.13 - gsmtp","timestamp":"2026-03-05T18:33:49.361Z"}
{"level":"warn","message":"⚠️ Falha no envio de email (3/3): Error: Invalid login: 535-5.7.8 Username and Password not accepted. For more information, go to\n535 5.7.8  https://support.google.com/mail/?p=BadCredentials 4fb4d7f45d1cf-660eafe7051sm2472868a12.21 - gsmtp","timestamp":"2026-03-05T18:33:53.783Z"}
{"level":"error","message":"❌ ERRO DEFINITIVO no envio para eduardotferreira@gmail.com: Error: Invalid login: 535-5.7.8 Username and Password not accepted. For more information, go to\n535 5.7.8  https://support.google.com/mail/?p=BadCredentials 4fb4d7f45d1cf-660eafe7051sm2472868a12.21 - gsmtp","timestamp":"2026-03-05T18:33:53.783Z"}
{"level":"warn","message":"⚠️ Falha no envio de email (3/3): Error: Invalid login: 535-5.7.8 Username and Password not accepted. For more information, go to\n535 5.7.8  https://support.google.com/mail/?p=BadCredentials 4fb4d7f45d1cf-660a559c860sm3298208a12.24 - gsmtp","timestamp":"2026-03-05T18:33:53.797Z"}
{"level":"error","message":"❌ ERRO DEFINITIVO no envio para o-teu-email@gmail.com: Error: Invalid login: 535-5.7.8 Username and Password not accepted. For more information, go to\n535 5.7.8  https://support.google.com/mail/?p=BadCredentials 4fb4d7f45d1cf-660a559c860sm3298208a12.24 - gsmtp","timestamp":"2026-03-05T18:33:53.798Z"}
{"level":"warn","message":"⚠️ Falha no envio de email (1/3): Error: Invalid login: 535-5.7.8 Username and Password not accepted. For more information, go to\n535 5.7.8  https://support.google.com/mail/?p=BadCredentials a640c23a62f3a-b935ae65662sm947997566b.41 - gsmtp","timestamp":"2026-03-05T18:34:02.375Z"}
{"level":"warn","message":"⚠️ Falha no envio de email (1/3): Error: Invalid login: 535-5.7.8 Username and Password not accepted. For more information, go to\n535 5.7.8  https://support.google.com/mail/?p=BadCredentials a640c23a62f3a-b940f6ac926sm114562366b.8 - gsmtp","timestamp":"2026-03-05T18:34:02.396Z"}
{"level":"warn","message":"⚠️ Falha no envio de email (2/3): Error: Invalid login: 535-5.7.8 Username and Password not accepted. For more information, go to\n535 5.7.8  https://support.google.com/mail/?p=BadCredentials a640c23a62f3a-b9402a137c0sm162055266b.57 - gsmtp","timestamp":"2026-03-05T18:34:04.950Z"}
{"level":"warn","message":"⚠️ Falha no envio de email (2/3): Error: Invalid login: 535-5.7.8 Username and Password not accepted. For more information, go to\n535 5.7.8  https://support.google.com/mail/?p=BadCredentials a640c23a62f3a-b935ac51431sm944173866b.17 - gsmtp","timestamp":"2026-03-05T18:34:04.956Z"}
{"level":"warn","message":"⚠️ Falha no envio de email (3/3): Error: Invalid login: 535-5.7.8 Username and Password not accepted. For more information, go to\n535 5.7.8  https://support.google.com/mail/?p=BadCredentials a640c23a62f3a-b9383397fcasm811328366b.60 - gsmtp","timestamp":"2026-03-05T18:34:09.379Z"}
{"level":"error","message":"❌ ERRO DEFINITIVO no envio para rafa1@gmail.com: Error: Invalid login: 535-5.7.8 Username and Password not accepted. For more information, go to\n535 5.7.8  https://support.google.com/mail/?p=BadCredentials a640c23a62f3a-b9383397fcasm811328366b.60 - gsmtp","timestamp":"2026-03-05T18:34:09.379Z"}
{"level":"warn","message":"⚠️ Falha no envio de email (3/3): Error: Invalid login: 535-5.7.8 Username and Password not accepted. For more information, go to\n535 5.7.8  https://support.google.com/mail/?p=BadCredentials a640c23a62f3a-b935ae6560asm961262866b.43 - gsmtp","timestamp":"2026-03-05T18:34:09.398Z"}
{"level":"error","message":"❌ ERRO DEFINITIVO no envio para o-teu-email@gmail.com: Error: Invalid login: 535-5.7.8 Username and Password not accepted. For more information, go to\n535 5.7.8  https://support.google.com/mail/?p=BadCredentials a640c23a62f3a-b935ae6560asm961262866b.43 - gsmtp","timestamp":"2026-03-05T18:34:09.398Z"}
{"level":"info","message":"Diretor autenticado: diretor@studiobraz.com | IP: ::1","timestamp":"2026-03-05T18:37:06.746Z"}
{"level":"warn","message":"⚠️ Falha no envio de email (1/3): Error: Invalid login: 535-5.7.8 Username and Password not accepted. For more information, go to\n535 5.7.8  https://support.google.com/mail/?p=BadCredentials a640c23a62f3a-b935ae666eesm946120766b.35 - gsmtp","timestamp":"2026-03-05T18:37:46.210Z"}
{"level":"warn","message":"⚠️ Falha no envio de email (1/3): Error: Invalid login: 535-5.7.8 Username and Password not accepted. For more information, go to\n535 5.7.8  https://support.google.com/mail/?p=BadCredentials a640c23a62f3a-b940dec1d29sm125321866b.33 - gsmtp","timestamp":"2026-03-05T18:37:46.214Z"}
{"level":"warn","message":"⚠️ Falha no envio de email (2/3): Error: Invalid login: 535-5.7.8 Username and Password not accepted. For more information, go to\n535 5.7.8  https://support.google.com/mail/?p=BadCredentials 4fb4d7f45d1cf-6614a17961fsm1181436a12.20 - gsmtp","timestamp":"2026-03-05T18:37:48.658Z"}
{"level":"warn","message":"⚠️ Falha no envio de email (2/3): Error: Invalid login: 535-5.7.8 Username and Password not accepted. For more information, go to\n535 5.7.8  https://support.google.com/mail/?p=BadCredentials a640c23a62f3a-b935ae6560asm961565766b.43 - gsmtp","timestamp":"2026-03-05T18:37:48.662Z"}
{"level":"warn","message":"⚠️ Falha no envio de email (3/3): Error: Invalid login: 535-5.7.8 Username and Password not accepted. For more information, go to\n535 5.7.8  https://support.google.com/mail/?p=BadCredentials a640c23a62f3a-b935ae65662sm948321166b.41 - gsmtp","timestamp":"2026-03-05T18:37:53.131Z"}
{"level":"error","message":"❌ ERRO DEFINITIVO no envio para o-teu-email@gmail.com: Error: Invalid login: 535-5.7.8 Username and Password not accepted. For more information, go to\n535 5.7.8  https://support.google.com/mail/?p=BadCredentials a640c23a62f3a-b935ae65662sm948321166b.41 - gsmtp","timestamp":"2026-03-05T18:37:53.131Z"}
{"level":"warn","message":"⚠️ Falha no envio de email (3/3): Error: Invalid login: 535-5.7.8 Username and Password not accepted. For more information, go to\n535 5.7.8  https://support.google.com/mail/?p=BadCredentials 4fb4d7f45d1cf-660dfa13850sm2430176a12.28 - gsmtp","timestamp":"2026-03-05T18:37:53.149Z"}
{"level":"error","message":"❌ ERRO DEFINITIVO no envio para eduardotferreira@gmail.com: Error: Invalid login: 535-5.7.8 Username and Password not accepted. For more information, go to\n535 5.7.8  https://support.google.com/mail/?p=BadCredentials 4fb4d7f45d1cf-660dfa13850sm2430176a12.28 - gsmtp","timestamp":"2026-03-05T18:37:53.149Z"}
{"level":"info","message":"Diretor autenticado: diretor@studiobraz.com | IP: ::1","timestamp":"2026-03-05T18:44:23.208Z"}
{"level":"warn","message":"⚠️ Falha no envio de email (1/3): Error: Invalid login: 535-5.7.8 Username and Password not accepted. For more information, go to\n535 5.7.8  https://support.google.com/mail/?p=BadCredentials a640c23a62f3a-b9383397fcasm812216666b.60 - gsmtp","timestamp":"2026-03-05T18:44:36.929Z"}
{"level":"warn","message":"⚠️ Falha no envio de email (1/3): Error: Invalid login: 535-5.7.8 Username and Password not accepted. For more information, go to\n535 5.7.8  https://support.google.com/mail/?p=BadCredentials a640c23a62f3a-b935ac704b0sm936050266b.22 - gsmtp","timestamp":"2026-03-05T18:44:36.931Z"}
{"level":"warn","message":"⚠️ Falha no envio de email (2/3): Error: Invalid login: 535-5.7.8 Username and Password not accepted. For more information, go to\n535 5.7.8  https://support.google.com/mail/?p=BadCredentials a640c23a62f3a-b935ac73d2asm938113266b.26 - gsmtp","timestamp":"2026-03-05T18:44:39.361Z"}
{"level":"warn","message":"⚠️ Falha no envio de email (2/3): Error: Invalid login: 535-5.7.8 Username and Password not accepted. For more information, go to\n535 5.7.8  https://support.google.com/mail/?p=BadCredentials a640c23a62f3a-b935ae60c16sm944830366b.38 - gsmtp","timestamp":"2026-03-05T18:44:39.377Z"}
{"level":"warn","message":"⚠️ Falha no envio de email (3/3): Error: Invalid login: 535-5.7.8 Username and Password not accepted. For more information, go to\n535 5.7.8  https://support.google.com/mail/?p=BadCredentials a640c23a62f3a-b935ac73d2asm938120766b.26 - gsmtp","timestamp":"2026-03-05T18:44:43.752Z"}
{"level":"error","message":"❌ ERRO DEFINITIVO no envio para eduardotferreira@gmail.com: Error: Invalid login: 535-5.7.8 Username and Password not accepted. For more information, go to\n535 5.7.8  https://support.google.com/mail/?p=BadCredentials a640c23a62f3a-b935ac73d2asm938120766b.26 - gsmtp","timestamp":"2026-03-05T18:44:43.753Z"}
{"level":"warn","message":"⚠️ Falha no envio de email (3/3): Error: Invalid login: 535-5.7.8 Username and Password not accepted. For more information, go to\n535 5.7.8  https://support.google.com/mail/?p=BadCredentials a640c23a62f3a-b935ab135bfsm960945766b.1 - gsmtp","timestamp":"2026-03-05T18:44:43.782Z"}
{"level":"error","message":"❌ ERRO DEFINITIVO no envio para o-teu-email@gmail.com: Error: Invalid login: 535-5.7.8 Username and Password not accepted. For more information, go to\n535 5.7.8  https://support.google.com/mail/?p=BadCredentials a640c23a62f3a-b935ab135bfsm960945766b.1 - gsmtp","timestamp":"2026-03-05T18:44:43.782Z"}
{"level":"warn","message":"⚠️ Falha no envio de email (1/3): Error: Invalid login: 535-5.7.8 Username and Password not accepted. For more information, go to\n535 5.7.8  https://support.google.com/mail/?p=BadCredentials a640c23a62f3a-b9419583e79sm71475066b.44 - gsmtp","timestamp":"2026-03-05T18:47:59.026Z"}
{"level":"warn","message":"⚠️ Falha no envio de email (1/3): Error: Invalid login: 535-5.7.8 Username and Password not accepted. For more information, go to\n535 5.7.8  https://support.google.com/mail/?p=BadCredentials a640c23a62f3a-b935ab135bfsm961223466b.1 - gsmtp","timestamp":"2026-03-05T18:47:59.026Z"}
{"level":"warn","message":"⚠️ Falha no envio de email (2/3): Error: Invalid login: 535-5.7.8 Username and Password not accepted. For more information, go to\n535 5.7.8  https://support.google.com/mail/?p=BadCredentials a640c23a62f3a-b935aec7091sm925777666b.58 - gsmtp","timestamp":"2026-03-05T18:48:01.741Z"}
{"level":"warn","message":"⚠️ Falha no envio de email (2/3): Error: Invalid login: 535-5.7.8 Username and Password not accepted. For more information, go to\n535 5.7.8  https://support.google.com/mail/?p=BadCredentials a640c23a62f3a-b935afe7d28sm916921366b.67 - gsmtp","timestamp":"2026-03-05T18:48:01.742Z"}
{"level":"warn","message":"⚠️ Falha no envio de email (3/3): Error: Invalid login: 535-5.7.8 Username and Password not accepted. For more information, go to\n535 5.7.8  https://support.google.com/mail/?p=BadCredentials a640c23a62f3a-b935ac7371esm941891866b.24 - gsmtp","timestamp":"2026-03-05T18:48:06.442Z"}
{"level":"error","message":"❌ ERRO DEFINITIVO no envio para o-teu-email@gmail.com: Error: Invalid login: 535-5.7.8 Username and Password not accepted. For more information, go to\n535 5.7.8  https://support.google.com/mail/?p=BadCredentials a640c23a62f3a-b935ac7371esm941891866b.24 - gsmtp","timestamp":"2026-03-05T18:48:06.442Z"}
{"level":"warn","message":"⚠️ Falha no envio de email (3/3): Error: Invalid login: 535-5.7.8 Username and Password not accepted. For more information, go to\n535 5.7.8  https://support.google.com/mail/?p=BadCredentials a640c23a62f3a-b941eee022csm45237566b.34 - gsmtp","timestamp":"2026-03-05T18:48:06.442Z"}
{"level":"error","message":"❌ ERRO DEFINITIVO no envio para eduardotferreira@gmail.com: Error: Invalid login: 535-5.7.8 Username and Password not accepted. For more information, go to\n535 5.7.8  https://support.google.com/mail/?p=BadCredentials a640c23a62f3a-b941eee022csm45237566b.34 - gsmtp","timestamp":"2026-03-05T18:48:06.443Z"}
{"level":"warn","message":"⚠️ Falha no envio de email (1/3): Error: Invalid login: 535-5.7.8 Username and Password not accepted. For more information, go to\n535 5.7.8  https://support.google.com/mail/?p=BadCredentials a640c23a62f3a-b935a597d02sm948551566b.0 - gsmtp","timestamp":"2026-03-05T18:48:09.366Z"}
{"level":"warn","message":"⚠️ Falha no envio de email (1/3): Error: Invalid login: 535-5.7.8 Username and Password not accepted. For more information, go to\n535 5.7.8  https://support.google.com/mail/?p=BadCredentials a640c23a62f3a-b942406d246sm10551166b.14 - gsmtp","timestamp":"2026-03-05T18:48:09.367Z"}
{"level":"warn","message":"⚠️ Falha no envio de email (2/3): Error: Invalid login: 535-5.7.8 Username and Password not accepted. For more information, go to\n535 5.7.8  https://support.google.com/mail/?p=BadCredentials 4fb4d7f45d1cf-6612cc7d082sm1510070a12.18 - gsmtp","timestamp":"2026-03-05T18:48:12.186Z"}
{"level":"warn","message":"⚠️ Falha no envio de email (2/3): Error: Invalid login: 535-5.7.8 Username and Password not accepted. For more information, go to\n535 5.7.8  https://support.google.com/mail/?p=BadCredentials a640c23a62f3a-b935ae666d6sm934489066b.37 - gsmtp","timestamp":"2026-03-05T18:48:12.291Z"}
{"level":"warn","message":"⚠️ Falha no envio de email (3/3): Error: Invalid login: 535-5.7.8 Username and Password not accepted. For more information, go to\n535 5.7.8  https://support.google.com/mail/?p=BadCredentials a640c23a62f3a-b935ab135bfsm961251566b.1 - gsmtp","timestamp":"2026-03-05T18:48:16.785Z"}
{"level":"error","message":"❌ ERRO DEFINITIVO no envio para o-teu-email@gmail.com: Error: Invalid login: 535-5.7.8 Username and Password not accepted. For more information, go to\n535 5.7.8  https://support.google.com/mail/?p=BadCredentials a640c23a62f3a-b935ab135bfsm961251566b.1 - gsmtp","timestamp":"2026-03-05T18:48:16.785Z"}
{"level":"warn","message":"⚠️ Falha no envio de email (3/3): Error: Invalid login: 535-5.7.8 Username and Password not accepted. For more information, go to\n535 5.7.8  https://support.google.com/mail/?p=BadCredentials 4fb4d7f45d1cf-660f2cf4f81sm2142391a12.2 - gsmtp","timestamp":"2026-03-05T18:48:16.991Z"}
{"level":"error","message":"❌ ERRO DEFINITIVO no envio para eduardotferreira@gmail.com: Error: Invalid login: 535-5.7.8 Username and Password not accepted. For more information, go to\n535 5.7.8  https://support.google.com/mail/?p=BadCredentials 4fb4d7f45d1cf-660f2cf4f81sm2142391a12.2 - gsmtp","timestamp":"2026-03-05T18:48:16.991Z"}
{"level":"warn","message":"⚠️ Falha no envio de email (1/3): Error: Invalid login: 535-5.7.8 Username and Password not accepted. For more information, go to\n535 5.7.8  https://support.google.com/mail/?p=BadCredentials a640c23a62f3a-b935ab13593sm942507566b.3 - gsmtp","timestamp":"2026-03-05T18:48:18.871Z"}
{"level":"warn","message":"⚠️ Falha no envio de email (1/3): Error: Invalid login: 535-5.7.8 Username and Password not accepted. For more information, go to\n535 5.7.8  https://support.google.com/mail/?p=BadCredentials a640c23a62f3a-b935ac546ddsm940586266b.20 - gsmtp","timestamp":"2026-03-05T18:48:18.872Z"}
{"level":"warn","message":"⚠️ Falha no envio de email (2/3): Error: Invalid login: 535-5.7.8 Username and Password not accepted. For more information, go to\n535 5.7.8  https://support.google.com/mail/?p=BadCredentials a640c23a62f3a-b935aec43f3sm948171966b.55 - gsmtp","timestamp":"2026-03-05T18:48:21.587Z"}
{"level":"warn","message":"⚠️ Falha no envio de email (2/3): Error: Invalid login: 535-5.7.8 Username and Password not accepted. For more information, go to\n535 5.7.8  https://support.google.com/mail/?p=BadCredentials a640c23a62f3a-b935a597d02sm948571466b.0 - gsmtp","timestamp":"2026-03-05T18:48:21.588Z"}
{"level":"warn","message":"⚠️ Falha no envio de email (3/3): Error: Invalid login: 535-5.7.8 Username and Password not accepted. For more information, go to\n535 5.7.8  https://support.google.com/mail/?p=BadCredentials a640c23a62f3a-b94061b1458sm147814366b.10 - gsmtp","timestamp":"2026-03-05T18:48:26.292Z"}
{"level":"error","message":"❌ ERRO DEFINITIVO no envio para o-teu-email@gmail.com: Error: Invalid login: 535-5.7.8 Username and Password not accepted. For more information, go to\n535 5.7.8  https://support.google.com/mail/?p=BadCredentials a640c23a62f3a-b94061b1458sm147814366b.10 - gsmtp","timestamp":"2026-03-05T18:48:26.292Z"}
{"level":"warn","message":"⚠️ Falha no envio de email (3/3): Error: Invalid login: 535-5.7.8 Username and Password not accepted. For more information, go to\n535 5.7.8  https://support.google.com/mail/?p=BadCredentials a640c23a62f3a-b94215e7336sm32871566b.5 - gsmtp","timestamp":"2026-03-05T18:48:26.292Z"}
{"level":"error","message":"❌ ERRO DEFINITIVO no envio para eduardotferreira@gmail.com: Error: Invalid login: 535-5.7.8 Username and Password not accepted. For more information, go to\n535 5.7.8  https://support.google.com/mail/?p=BadCredentials a640c23a62f3a-b94215e7336sm32871566b.5 - gsmtp","timestamp":"2026-03-05T18:48:26.293Z"}
{"level":"info","message":"Diretor autenticado: diretor@studiobraz.com | IP: ::1","timestamp":"2026-03-05T18:52:35.384Z"}
