{"level":"error","message":"Caminho não encontrado - /api/v1/auth/top-clients - GET /api/v1/auth/top-clients - IP: ::1","timestamp":"2026-02-28T00:04:58.219Z"}
{"level":"error","message":"Caminho não encontrado - /api/v1/auth/top-clients - GET /api/v1/auth/top-clients - IP: ::1","timestamp":"2026-02-28T00:04:58.222Z"}
{"level":"error","message":"Caminho não encontrado - /api/v1/auth/top-clients - GET /api/v1/auth/top-clients - IP: ::1","timestamp":"2026-02-28T00:06:08.222Z"}
{"level":"error","message":"Caminho não encontrado - /api/v1/auth/top-clients - GET /api/v1/auth/top-clients - IP: ::1","timestamp":"2026-02-28T00:07:07.935Z"}
{"level":"error","message":"Caminho não encontrado - /api/v1/auth/top-clients - GET /api/v1/auth/top-clients - IP: ::1","timestamp":"2026-02-28T00:47:45.842Z"}
{"level":"error","message":"Caminho não encontrado - /api/v1/auth/top-clients - GET /api/v1/auth/top-clients - IP: ::1","timestamp":"2026-02-28T00:47:45.843Z"}
{"level":"error","message":"Caminho não encontrado - /api/v1/auth/top-clients - GET /api/v1/auth/top-clients - IP: ::1","timestamp":"2026-02-28T00:47:47.332Z"}
{"level":"error","message":"Caminho não encontrado - /api/v1/auth/top-clients - GET /api/v1/auth/top-clients - IP: ::1","timestamp":"2026-02-28T00:47:47.879Z"}
{"level":"error","message":"Caminho não encontrado - /api/v1/auth/top-clients - GET /api/v1/auth/top-clients - IP: ::1","timestamp":"2026-02-28T00:47:48.779Z"}
{"level":"error","message":"Caminho não encontrado - /api/v1/auth/top-clients - GET /api/v1/auth/top-clients - IP: ::1","timestamp":"2026-02-28T00:47:48.952Z"}
{"level":"error","message":"Erro na Fortaleza: \nInvalid `prisma.booking.findMany()` invocation in\nC:\\Users\\Edu\\MyProject\\backend\\src\\controllers\\bookingController.ts:72:43\n\n  69 \n  70 try {\n  71   // 1. Buscamos todas as marcações e bloqueios do dia\n→ 72   const bookings = await prisma.booking.findMany(\n","timestamp":"2026-02-28T14:45:27.168Z"}
{"level":"error","message":"Erro ao criar agendamento SQL: \nInvalid `prisma.booking.create()` invocation in\nC:\\Users\\Edu\\MyProject\\backend\\src\\controllers\\bookingController.ts:26:42\n\n  23 const { name, email, phone, service, date, time } = req.body;\n  24 \n  25 try {\n→ 26   const booking = await prisma.booking.create(\n","timestamp":"2026-02-28T14:45:30.409Z"}
{"level":"error","message":"Erro no Login Admin: \nInvalid `prisma.user.findUnique()` invocation in\nC:\\Users\\Edu\\MyProject\\backend\\src\\controllers\\authController.ts:13:36\n\n  10 \n  11 try {\n  12   // Busca o utilizador real no PostgreSQL (Tabela User)\n→ 13   const user = await prisma.user.findUnique(\n","timestamp":"2026-02-28T14:46:15.053Z"}
{"level":"error","message":"Erro ao trancar horários: \nInvalid `prisma.booking.upsert()` invocation in\nC:\\Users\\Edu\\MyProject\\backend\\src\\controllers\\bookingController.ts:164:28\n\n  161 }\n  162 \n  163 for (const t of timesToBlock) {\n→ 164   await prisma.booking.upsert(\nForeign key constraint violated on the constraint: `Booking_clientId_fkey`","timestamp":"2026-02-28T17:27:45.529Z"}
{"level":"error","message":"Erro na Identidade: \nInvalid `prisma.client.create()` invocation in\nC:\\Users\\Edu\\MyProject\\backend\\src\\controllers\\bookingController.ts:52:36\n\n  49   logger.info(`Cliente reconhecida e atualizada: ${client.name} (ID: ${client.id})`);\n  50 } else {\n  51   // ✨ CRIAÇÃO DE NOVA IDENTIDADE\n→ 52   client = await prisma.client.create({\n         data: {\n           name: \"Rafa\",\n           phone: \"123456789\",\n       +   email: String\n         }\n       })\n\nArgument `email` must not be null.","timestamp":"2026-02-28T17:41:17.321Z"}
{"level":"error","message":"Erro na Identidade: \nInvalid `prisma.client.create()` invocation in\nC:\\Users\\Edu\\MyProject\\backend\\src\\controllers\\bookingController.ts:52:36\n\n  49   logger.info(`Cliente reconhecida e atualizada: ${client.name} (ID: ${client.id})`);\n  50 } else {\n  51   // ✨ CRIAÇÃO DE NOVA IDENTIDADE\n→ 52   client = await prisma.client.create({\n         data: {\n           name: \"Rafa\",\n           phone: \"123456789\",\n       +   email: String\n         }\n       })\n\nArgument `email` must not be null.","timestamp":"2026-02-28T17:42:02.601Z"}
{"level":"error","message":"ERRO CRÍTICO NA FORTALEZA: \nInvalid `prisma.client.create()` invocation in\nC:\\Users\\Edu\\MyProject\\backend\\src\\controllers\\bookingController.ts:58:36\n\n  55   logger.info(`Cliente reconhecida e atualizada: ${client.name}`);\n  56 } else {\n  57   // Se não existe, criamos uma nova ficha\n→ 58   client = await prisma.client.create({\n         data: {\n           name: \"Rafa\",\n           phone: \"123456789\",\n       +   email: String\n         }\n       })\n\nArgument `email` must not be null.","timestamp":"2026-02-28T17:43:42.714Z"}
{"level":"error","message":"Erro na Fortaleza: \nInvalid `prisma.booking.findMany()` invocation in\nC:\\Users\\Edu\\MyProject\\backend\\src\\controllers\\bookingController.ts:126:43\n\n  123 const { date } = req.query;\n  124 \n  125 try {\n→ 126   const bookings = await prisma.booking.findMany(\n","timestamp":"2026-03-01T00:55:20.348Z"}
{"level":"error","message":"Erro no Login Admin: \nInvalid `prisma.user.findUnique()` invocation in\nC:\\Users\\Edu\\MyProject\\backend\\src\\controllers\\authController.ts:13:36\n\n  10 \n  11 try {\n  12   // Busca o utilizador real no PostgreSQL (Tabela User)\n→ 13   const user = await prisma.user.findUnique(\n","timestamp":"2026-03-02T19:19:53.672Z"}
{"level":"error","message":"Erro no Login Admin: \nInvalid `prisma.user.findUnique()` invocation in\nC:\\Users\\Edu\\MyProject\\backend\\src\\controllers\\authController.ts:13:36\n\n  10 \n  11 try {\n  12   // Busca o utilizador real no PostgreSQL (Tabela User)\n→ 13   const user = await prisma.user.findUnique(\n","timestamp":"2026-03-02T19:19:57.268Z"}
{"level":"error","message":"Erro no Login Admin: \nInvalid `prisma.user.findUnique()` invocation in\nC:\\Users\\Edu\\MyProject\\backend\\src\\controllers\\authController.ts:13:36\n\n  10 \n  11 try {\n  12   // Busca o utilizador real no PostgreSQL (Tabela User)\n→ 13   const user = await prisma.user.findUnique(\n","timestamp":"2026-03-02T19:20:02.490Z"}
{"level":"error","message":"❌ Erro ao enviar email: Error: connect ETIMEDOUT 95.216.108.161:587","timestamp":"2026-03-02T21:47:44.387Z"}
{"level":"error","message":"❌ Erro ao enviar email: Error: connect ETIMEDOUT 95.216.108.161:587","timestamp":"2026-03-02T21:53:08.534Z"}
{"level":"error","message":"❌ Erro ao enviar email: Error: connect ETIMEDOUT 95.216.108.161:587","timestamp":"2026-03-02T21:53:57.634Z"}
{"level":"error","message":"❌ Erro ao enviar email: Error: connect ETIMEDOUT 95.216.108.161:587","timestamp":"2026-03-02T21:54:06.877Z"}
{"level":"error","message":"❌ Erro ao enviar email: Error: Missing credentials for \"PLAIN\"","timestamp":"2026-03-02T23:22:22.961Z"}
{"level":"error","message":"❌ Erro ao enviar email: Error: Missing credentials for \"PLAIN\"","timestamp":"2026-03-02T23:24:03.639Z"}
{"level":"error","message":"❌ Erro ao enviar email: Error: Missing credentials for \"PLAIN\"","timestamp":"2026-03-03T01:20:05.438Z"}
{"level":"error","message":"❌ Erro ao enviar email: Error: Missing credentials for \"PLAIN\"","timestamp":"2026-03-03T01:43:03.202Z"}
{"level":"error","message":"❌ Erro ao enviar email: Error: Missing credentials for \"PLAIN\"","timestamp":"2026-03-03T01:44:42.214Z"}
{"level":"error","message":"❌ Erro ao enviar email: Error: Missing credentials for \"PLAIN\"","timestamp":"2026-03-03T14:00:53.303Z"}
{"level":"error","message":"❌ Erro ao enviar email: Error: Missing credentials for \"PLAIN\"","timestamp":"2026-03-03T14:01:13.586Z"}
{"level":"error","message":"Tentativa de invasão via CORS bloqueada: http://localhost:53604","timestamp":"2026-03-03T15:07:23.147Z"}
{"level":"error","message":"Acesso negado por política de segurança (CORS) - OPTIONS /api/v1/auth/login - IP: ::1","timestamp":"2026-03-03T15:07:23.148Z"}
{"level":"error","message":"Tentativa de invasão via CORS bloqueada: http://localhost:53604","timestamp":"2026-03-03T15:07:26.110Z"}
{"level":"error","message":"Acesso negado por política de segurança (CORS) - OPTIONS /api/v1/auth/login - IP: ::1","timestamp":"2026-03-03T15:07:26.110Z"}
{"level":"error","message":"Tentativa de invasão via CORS bloqueada: http://localhost:53604","timestamp":"2026-03-03T15:07:26.743Z"}
{"level":"error","message":"Acesso negado por política de segurança (CORS) - OPTIONS /api/v1/auth/login - IP: ::1","timestamp":"2026-03-03T15:07:26.743Z"}
{"level":"error","message":"Tentativa de invasão via CORS bloqueada: http://localhost:53604","timestamp":"2026-03-03T15:07:33.552Z"}
{"level":"error","message":"Acesso negado por política de segurança (CORS) - OPTIONS /api/v1/auth/login - IP: ::1","timestamp":"2026-03-03T15:07:33.552Z"}
{"level":"error","message":"❌ Erro ao enviar email: Error: connect ETIMEDOUT 95.216.108.161:587","timestamp":"2026-03-03T17:48:27.610Z"}
{"level":"error","message":"❌ Erro ao enviar email: Error: connect ETIMEDOUT 95.216.108.161:587","timestamp":"2026-03-03T17:49:40.269Z"}
{"level":"error","message":"❌ Erro ao enviar email: Error: connect ETIMEDOUT 95.216.108.161:587","timestamp":"2026-03-03T17:52:16.752Z"}
{"level":"error","message":"Tentativa de invasão via CORS bloqueada: http://localhost:65221","timestamp":"2026-03-03T18:17:10.391Z"}
{"level":"error","message":"Acesso negado por política de segurança (CORS) - OPTIONS /api/v1/auth/login - IP: ::1","timestamp":"2026-03-03T18:17:10.392Z"}
{"level":"error","message":"Tentativa de invasão via CORS bloqueada: http://localhost:65221","timestamp":"2026-03-03T18:18:00.547Z"}
{"level":"error","message":"Acesso negado por política de segurança (CORS) - OPTIONS /api/v1/auth/login - IP: ::1","timestamp":"2026-03-03T18:18:00.548Z"}
{"level":"error","message":"Tentativa de invasão via CORS bloqueada: http://localhost:65221","timestamp":"2026-03-03T18:18:11.562Z"}
{"level":"error","message":"Acesso negado por política de segurança (CORS) - OPTIONS /api/v1/auth/login - IP: ::1","timestamp":"2026-03-03T18:18:11.562Z"}
{"level":"error","message":"Tentativa de invasão via CORS bloqueada: http://localhost:65221","timestamp":"2026-03-03T18:18:12.093Z"}
{"level":"error","message":"Acesso negado por política de segurança (CORS) - OPTIONS /api/v1/auth/login - IP: ::1","timestamp":"2026-03-03T18:18:12.093Z"}
{"level":"error","message":"Tentativa de invasão via CORS bloqueada: http://localhost:64865","timestamp":"2026-03-03T18:18:50.892Z"}
{"level":"error","message":"Acesso negado por política de segurança (CORS) - OPTIONS /api/v1/auth/login - IP: ::1","timestamp":"2026-03-03T18:18:50.892Z"}
{"level":"error","message":"Tentativa de invasão via CORS bloqueada: http://localhost:64865","timestamp":"2026-03-03T18:18:55.658Z"}
{"level":"error","message":"Acesso negado por política de segurança (CORS) - OPTIONS /api/v1/auth/login - IP: ::1","timestamp":"2026-03-03T18:18:55.659Z"}
{"level":"error","message":"Caminho não encontrado - / - GET / - IP: ::1","timestamp":"2026-03-03T18:52:35.219Z"}
{"level":"error","message":"Caminho não encontrado - /favicon.ico - GET /favicon.ico - IP: ::1","timestamp":"2026-03-03T18:52:35.250Z"}
{"level":"error","message":"Caminho não encontrado - /api/v1/users - GET /api/v1/users - IP: ::1","timestamp":"2026-03-03T18:53:49.241Z"}
{"level":"error","message":"❌ Erro ao enviar email: Error: connect ETIMEDOUT 95.216.108.161:587","timestamp":"2026-03-03T19:42:31.140Z"}
{"level":"error","message":"❌ CREDENCIAIS DE EMAIL (SMTP) NÃO CONFIGURADAS. Emails não serão enviados aos clientes.","timestamp":"2026-03-03T19:45:07.415Z"}
{"level":"error","message":"❌ Erro ao enviar email: Error: Invalid login: 535-5.7.8 Username and Password not accepted. For more information, go to\n535 5.7.8  https://support.google.com/mail/?p=BadCredentials 4fb4d7f45d1cf-65fabd4695bsm4976122a12.12 - gsmtp","timestamp":"2026-03-03T20:50:42.017Z"}
{"level":"error","message":"Erro no Login Admin: authenticator is not defined","timestamp":"2026-03-03T20:53:59.161Z"}
{"level":"error","message":"Erro no Login Admin: \nInvalid `prisma.user.findUnique()` invocation in\nC:\\Users\\Edu\\MyProject\\backend\\src\\controllers\\authController.ts:38:36\n\n  35 const clientIp = req.ip || req.socket.remoteAddress || 'unknown';\n  36 \n  37 try {\n→ 38   const user = await prisma.user.findUnique(\n","timestamp":"2026-03-04T14:53:21.466Z"}
{"level":"error","message":"❌ Erro ao enviar email: Error: Invalid login: 535-5.7.8 Username and Password not accepted. For more information, go to\n535 5.7.8  https://support.google.com/mail/?p=BadCredentials ffacd0b85a97d-439b503425asm25998885f8f.25 - gsmtp","timestamp":"2026-03-04T14:55:44.292Z"}
{"level":"error","message":"❌ Erro ao enviar email: Error: Invalid login: 535-5.7.8 Username and Password not accepted. For more information, go to\n535 5.7.8  https://support.google.com/mail/?p=BadCredentials 5b1f17b1804b1-485187ced3bsm53925785e9.8 - gsmtp","timestamp":"2026-03-04T15:01:11.618Z"}
{"level":"error","message":"Cannot read properties of undefined (reading '0') - PATCH /api/v1/bookings/9b216477-1532-4a4b-95c1-5f0fbe6d5f82/status - IP: ::1","timestamp":"2026-03-04T15:02:36.094Z"}
{"level":"error","message":"Cannot read properties of undefined (reading '0') - PATCH /api/v1/bookings/9b216477-1532-4a4b-95c1-5f0fbe6d5f82/status - IP: ::1","timestamp":"2026-03-04T15:02:37.464Z"}
