{"level":"error","message":"❌ ERRO DEFINITIVO no envio para teu-email-aqui@gmail.com: Error: Invalid login: 535-5.7.8 Username and Password not accepted. For more information, go to\n535 5.7.8  https://support.google.com/mail/?p=BadCredentials ffacd0b85a97d-439c1fc577bsm15189639f8f.19 - gsmtp","timestamp":"2026-03-05T00:00:55.834Z"}
{"level":"error","message":"❌ ERRO DEFINITIVO no envio para ana@teste.pt: Error: Invalid login: 535-5.7.8 Username and Password not accepted. For more information, go to\n535 5.7.8  https://support.google.com/mail/?p=BadCredentials 5b1f17b1804b1-4851fafe4c9sm1592925e9.15 - gsmtp","timestamp":"2026-03-05T00:00:55.835Z"}
{"level":"error","message":"❌ ERRO DEFINITIVO no envio para teu-email-aqui@gmail.com: Error: Invalid login: 535-5.7.8 Username and Password not accepted. For more information, go to\n535 5.7.8  https://support.google.com/mail/?p=BadCredentials 5b1f17b1804b1-4851fad27e6sm2871225e9.3 - gsmtp","timestamp":"2026-03-05T00:10:37.031Z"}
{"level":"error","message":"❌ ERRO DEFINITIVO no envio para edutavfer32@gmail.com: Error: Invalid login: 535-5.7.8 Username and Password not accepted. For more information, go to\n535 5.7.8  https://support.google.com/mail/?p=BadCredentials ffacd0b85a97d-439b4e771basm32958330f8f.0 - gsmtp","timestamp":"2026-03-05T00:10:37.032Z"}
{"level":"error","message":"❌ ERRO DEFINITIVO no envio para teu-email-aqui@gmail.com: Error: Invalid login: 535-5.7.8 Username and Password not accepted. For more information, go to\n535 5.7.8  https://support.google.com/mail/?p=BadCredentials ffacd0b85a97d-439b4175fd2sm31037071f8f.14 - gsmtp","timestamp":"2026-03-05T00:15:07.184Z"}
{"level":"error","message":"❌ ERRO DEFINITIVO no envio para cliente@teste.pt: Error: Invalid login: 535-5.7.8 Username and Password not accepted. For more information, go to\n535 5.7.8  https://support.google.com/mail/?p=BadCredentials ffacd0b85a97d-439abded86esm36325392f8f.6 - gsmtp","timestamp":"2026-03-05T00:15:07.210Z"}
{"level":"error","message":"❌ CREDENCIAIS DE EMAIL (SMTP) NÃO CONFIGURADAS. Emails não serão enviados aos clientes.","timestamp":"2026-03-05T00:28:11.834Z"}
{"level":"error","message":"❌ CREDENCIAIS DE EMAIL (SMTP) NÃO CONFIGURADAS. Emails não serão enviados aos clientes.","timestamp":"2026-03-05T00:41:04.475Z"}
{"level":"error","message":"❌ CREDENCIAIS DE EMAIL (SMTP) NÃO CONFIGURADAS. Emails não serão enviados aos clientes.","timestamp":"2026-03-05T00:52:55.985Z"}
{"level":"error","message":"❌ CREDENCIAIS DE EMAIL (SMTP) NÃO CONFIGURADAS. Emails não serão enviados aos clientes.","timestamp":"2026-03-05T00:54:25.800Z"}
{"level":"error","message":"❌ CREDENCIAIS DE EMAIL (SMTP) NÃO CONFIGURADAS. Emails não serão enviados aos clientes.","timestamp":"2026-03-05T01:06:08.629Z"}
{"level":"error","message":"❌ CREDENCIAIS DE EMAIL (SMTP) NÃO CONFIGURADAS. Emails não serão enviados aos clientes.","timestamp":"2026-03-05T17:51:03.804Z"}
{"level":"error","message":"❌ ERRO DEFINITIVO no envio para paulaedutav223232323232@gmail.com: Error: Invalid login: 535-5.7.8 Username and Password not accepted. For more information, go to\n535 5.7.8  https://support.google.com/mail/?p=BadCredentials a640c23a62f3a-b935afe7d28sm915550166b.67 - gsmtp","timestamp":"2026-03-05T18:31:39.187Z"}
{"level":"error","message":"❌ ERRO DEFINITIVO no envio para o-teu-email@gmail.com: Error: Invalid login: 535-5.7.8 Username and Password not accepted. For more information, go to\n535 5.7.8  https://support.google.com/mail/?p=BadCredentials a640c23a62f3a-b935ae6560asm961047266b.43 - gsmtp","timestamp":"2026-03-05T18:31:39.187Z"}
{"level":"error","message":"❌ ERRO DEFINITIVO no envio para paulaedutav223232323232@gmail.com: Error: Invalid login: 535-5.7.8 Username and Password not accepted. For more information, go to\n535 5.7.8  https://support.google.com/mail/?p=BadCredentials a640c23a62f3a-b940d35aa45sm129657966b.16 - gsmtp","timestamp":"2026-03-05T18:32:11.042Z"}
{"level":"error","message":"❌ ERRO DEFINITIVO no envio para eduardotferreira@gmail.com: Error: Invalid login: 535-5.7.8 Username and Password not accepted. For more information, go to\n535 5.7.8  https://support.google.com/mail/?p=BadCredentials 4fb4d7f45d1cf-660eafe7051sm2472868a12.21 - gsmtp","timestamp":"2026-03-05T18:33:53.783Z"}
{"level":"error","message":"❌ ERRO DEFINITIVO no envio para o-teu-email@gmail.com: Error: Invalid login: 535-5.7.8 Username and Password not accepted. For more information, go to\n535 5.7.8  https://support.google.com/mail/?p=BadCredentials 4fb4d7f45d1cf-660a559c860sm3298208a12.24 - gsmtp","timestamp":"2026-03-05T18:33:53.798Z"}
{"level":"error","message":"❌ ERRO DEFINITIVO no envio para rafa1@gmail.com: Error: Invalid login: 535-5.7.8 Username and Password not accepted. For more information, go to\n535 5.7.8  https://support.google.com/mail/?p=BadCredentials a640c23a62f3a-b9383397fcasm811328366b.60 - gsmtp","timestamp":"2026-03-05T18:34:09.379Z"}
{"level":"error","message":"❌ ERRO DEFINITIVO no envio para o-teu-email@gmail.com: Error: Invalid login: 535-5.7.8 Username and Password not accepted. For more information, go to\n535 5.7.8  https://support.google.com/mail/?p=BadCredentials a640c23a62f3a-b935ae6560asm961262866b.43 - gsmtp","timestamp":"2026-03-05T18:34:09.398Z"}
{"level":"error","message":"❌ ERRO DEFINITIVO no envio para o-teu-email@gmail.com: Error: Invalid login: 535-5.7.8 Username and Password not accepted. For more information, go to\n535 5.7.8  https://support.google.com/mail/?p=BadCredentials a640c23a62f3a-b935ae65662sm948321166b.41 - gsmtp","timestamp":"2026-03-05T18:37:53.131Z"}
{"level":"error","message":"❌ ERRO DEFINITIVO no envio para eduardotferreira@gmail.com: Error: Invalid login: 535-5.7.8 Username and Password not accepted. For more information, go to\n535 5.7.8  https://support.google.com/mail/?p=BadCredentials 4fb4d7f45d1cf-660dfa13850sm2430176a12.28 - gsmtp","timestamp":"2026-03-05T18:37:53.149Z"}
{"level":"error","message":"❌ ERRO DEFINITIVO no envio para eduardotferreira@gmail.com: Error: Invalid login: 535-5.7.8 Username and Password not accepted. For more information, go to\n535 5.7.8  https://support.google.com/mail/?p=BadCredentials a640c23a62f3a-b935ac73d2asm938120766b.26 - gsmtp","timestamp":"2026-03-05T18:44:43.753Z"}
{"level":"error","message":"❌ ERRO DEFINITIVO no envio para o-teu-email@gmail.com: Error: Invalid login: 535-5.7.8 Username and Password not accepted. For more information, go to\n535 5.7.8  https://support.google.com/mail/?p=BadCredentials a640c23a62f3a-b935ab135bfsm960945766b.1 - gsmtp","timestamp":"2026-03-05T18:44:43.782Z"}
{"level":"error","message":"❌ ERRO DEFINITIVO no envio para o-teu-email@gmail.com: Error: Invalid login: 535-5.7.8 Username and Password not accepted. For more information, go to\n535 5.7.8  https://support.google.com/mail/?p=BadCredentials a640c23a62f3a-b935ac7371esm941891866b.24 - gsmtp","timestamp":"2026-03-05T18:48:06.442Z"}
{"level":"error","message":"❌ ERRO DEFINITIVO no envio para eduardotferreira@gmail.com: Error: Invalid login: 535-5.7.8 Username and Password not accepted. For more information, go to\n535 5.7.8  https://support.google.com/mail/?p=BadCredentials a640c23a62f3a-b941eee022csm45237566b.34 - gsmtp","timestamp":"2026-03-05T18:48:06.443Z"}
{"level":"error","message":"❌ ERRO DEFINITIVO no envio para o-teu-email@gmail.com: Error: Invalid login: 535-5.7.8 Username and Password not accepted. For more information, go to\n535 5.7.8  https://support.google.com/mail/?p=BadCredentials a640c23a62f3a-b935ab135bfsm961251566b.1 - gsmtp","timestamp":"2026-03-05T18:48:16.785Z"}
{"level":"error","message":"❌ ERRO DEFINITIVO no envio para eduardotferreira@gmail.com: Error: Invalid login: 535-5.7.8 Username and Password not accepted. For more information, go to\n535 5.7.8  https://support.google.com/mail/?p=BadCredentials 4fb4d7f45d1cf-660f2cf4f81sm2142391a12.2 - gsmtp","timestamp":"2026-03-05T18:48:16.991Z"}
{"level":"error","message":"❌ ERRO DEFINITIVO no envio para o-teu-email@gmail.com: Error: Invalid login: 535-5.7.8 Username and Password not accepted. For more information, go to\n535 5.7.8  https://support.google.com/mail/?p=BadCredentials a640c23a62f3a-b94061b1458sm147814366b.10 - gsmtp","timestamp":"2026-03-05T18:48:26.292Z"}
{"level":"error","message":"❌ ERRO DEFINITIVO no envio para eduardotferreira@gmail.com: Error: Invalid login: 535-5.7.8 Username and Password not accepted. For more information, go to\n535 5.7.8  https://support.google.com/mail/?p=BadCredentials a640c23a62f3a-b94215e7336sm32871566b.5 - gsmtp","timestamp":"2026-03-05T18:48:26.293Z"}
